
**** Build of configuration Debug for project EGR227_Lab9_Part1 ****

"C:\\ti\\ccs1040\\ccs\\utils\\bin\\gmake" -k -j 8 all -O 
 
Building file: "../startup_msp432p401r_ccs.c"
Invoking: Arm Compiler
"C:/ti/ccs1040/ccs/tools/compiler/ti-cgt-arm_20.2.6.LTS/bin/armcl" -mv7M4 --code_state=16 --float_support=FPv4SPD16 -me --include_path="C:/ti/ccs1040/ccs/ccs_base/arm/include" --include_path="C:/ti/ccs1040/ccs/ccs_base/arm/include/CMSIS" --include_path="C:/Users/samde/OneDrive/Desktop/School/Y2/Y2S2/226 227 Microcontroller/Lab/CCS/EGR227_Lab9_Part1" --include_path="C:/ti/ccs1040/ccs/tools/compiler/ti-cgt-arm_20.2.6.LTS/include" --advice:power=all --define=__MSP432P401R__ --define=ccs -g --gcc --diag_warning=225 --diag_wrap=off --display_error_number --abi=eabi --preproc_with_compile --preproc_dependency="startup_msp432p401r_ccs.d_raw"  "../startup_msp432p401r_ccs.c"
Finished building: "../startup_msp432p401r_ccs.c"
 
Building file: "../PWM_btn_set.c"
Invoking: Arm Compiler
"C:/ti/ccs1040/ccs/tools/compiler/ti-cgt-arm_20.2.6.LTS/bin/armcl" -mv7M4 --code_state=16 --float_support=FPv4SPD16 -me --include_path="C:/ti/ccs1040/ccs/ccs_base/arm/include" --include_path="C:/ti/ccs1040/ccs/ccs_base/arm/include/CMSIS" --include_path="C:/Users/samde/OneDrive/Desktop/School/Y2/Y2S2/226 227 Microcontroller/Lab/CCS/EGR227_Lab9_Part1" --include_path="C:/ti/ccs1040/ccs/tools/compiler/ti-cgt-arm_20.2.6.LTS/include" --advice:power=all --define=__MSP432P401R__ --define=ccs -g --gcc --diag_warning=225 --diag_wrap=off --display_error_number --abi=eabi --preproc_with_compile --preproc_dependency="PWM_btn_set.d_raw"  "../PWM_btn_set.c"
"../PWM_btn_set.c", line 21: remark #1532-D: (ULP 5.3) Detected printf() operation(s). Recommend moving them to RAM during run time or not using as these are processing/power intensive
Finished building: "../PWM_btn_set.c"
 
Building file: "../EGR227_Lab9_Part1.c"
Invoking: Arm Compiler
"C:/ti/ccs1040/ccs/tools/compiler/ti-cgt-arm_20.2.6.LTS/bin/armcl" -mv7M4 --code_state=16 --float_support=FPv4SPD16 -me --include_path="C:/ti/ccs1040/ccs/ccs_base/arm/include" --include_path="C:/ti/ccs1040/ccs/ccs_base/arm/include/CMSIS" --include_path="C:/Users/samde/OneDrive/Desktop/School/Y2/Y2S2/226 227 Microcontroller/Lab/CCS/EGR227_Lab9_Part1" --include_path="C:/ti/ccs1040/ccs/tools/compiler/ti-cgt-arm_20.2.6.LTS/include" --advice:power=all --define=__MSP432P401R__ --define=ccs -g --gcc --diag_warning=225 --diag_wrap=off --display_error_number --abi=eabi --preproc_with_compile --preproc_dependency="EGR227_Lab9_Part1.d_raw"  "../EGR227_Lab9_Part1.c"
"../EGR227_Lab9_Part1.c", line 28: remark #1527-D: (ULP 2.1) Detected SW delay loop using empty loop. Recommend using a timer module instead
Finished building: "../EGR227_Lab9_Part1.c"
 
Building file: "../system_msp432p401r.c"
Invoking: Arm Compiler
"C:/ti/ccs1040/ccs/tools/compiler/ti-cgt-arm_20.2.6.LTS/bin/armcl" -mv7M4 --code_state=16 --float_support=FPv4SPD16 -me --include_path="C:/ti/ccs1040/ccs/ccs_base/arm/include" --include_path="C:/ti/ccs1040/ccs/ccs_base/arm/include/CMSIS" --include_path="C:/Users/samde/OneDrive/Desktop/School/Y2/Y2S2/226 227 Microcontroller/Lab/CCS/EGR227_Lab9_Part1" --include_path="C:/ti/ccs1040/ccs/tools/compiler/ti-cgt-arm_20.2.6.LTS/include" --advice:power=all --define=__MSP432P401R__ --define=ccs -g --gcc --diag_warning=225 --diag_wrap=off --display_error_number --abi=eabi --preproc_with_compile --preproc_dependency="system_msp432p401r.d_raw"  "../system_msp432p401r.c"
"../system_msp432p401r.c", line 156: remark #2624-D: (ULP 5.4) Detected an assignment to a type with size less than int. To avoid unnecessary sign extension, use int-sized types for local varaibles and convert to smaller types for static storage.
"../system_msp432p401r.c", line 189: remark #2624-D: (ULP 5.4) Detected an assignment to a type with size less than int. To avoid unnecessary sign extension, use int-sized types for local varaibles and convert to smaller types for static storage.
Finished building: "../system_msp432p401r.c"
 
Building target: "EGR227_Lab9_Part1.out"
Invoking: Arm Linker
"C:/ti/ccs1040/ccs/tools/compiler/ti-cgt-arm_20.2.6.LTS/bin/armcl" -mv7M4 --code_state=16 --float_support=FPv4SPD16 -me --advice:power=all --define=__MSP432P401R__ --define=ccs -g --gcc --diag_warning=225 --diag_wrap=off --display_error_number --abi=eabi -z -m"EGR227_Lab9_Part1.map" --heap_size=1024 --stack_size=512 -i"C:/ti/ccs1040/ccs/ccs_base/arm/include" -i"C:/ti/ccs1040/ccs/tools/compiler/ti-cgt-arm_20.2.6.LTS/lib" -i"C:/ti/ccs1040/ccs/tools/compiler/ti-cgt-arm_20.2.6.LTS/include" --reread_libs --diag_wrap=off --display_error_number --warn_sections --xml_link_info="EGR227_Lab9_Part1_linkInfo.xml" --rom_model -o "EGR227_Lab9_Part1.out" "./EGR227_Lab9_Part1.obj" "./PWM_btn_set.obj" "./startup_msp432p401r_ccs.obj" "./system_msp432p401r.obj" "../msp432p401r.cmd"  -llibc.a 
<Linking>

**** Build of configuration Debug for project EGR227_Lab9_Part1 ****

!CommandLauncher.error.commandCanceled!
Error: Program "C:/ti/ccs1040/ccs/utils/bin/gmake" is not found in PATH

PATH=[C:\ti\ccs1040\ccs\ccs_base\emulation\analysis\bin\..\..\..\common\bin;C:\ti\ccs1040\ccs\ccs_base\emulation\analysis\bin\..\..\..\DebugServer\bin;C:\ti\ccs1040\ccs\ccs_base\emulation\analysis\bin\ofs;C:\ti\ccs1040\ccs\ccs_base\common\bin;C:\ti\ccs1040\ccs\ccs_base\common\uscif;C:\Program Files\Python38\Scripts\;C:\Program Files\Python38\;C:\Program Files (x86)\Common Files\Oracle\Java\javapath;C:\windows\system32;C:\windows;C:\windows\System32\Wbem;C:\windows\System32\WindowsPowerShell\v1.0\;C:\windows\System32\OpenSSH\;C:\Program Files (x86)\NVIDIA Corporation\PhysX\Common;C:\Program Files\NVIDIA Corporation\NVIDIA NvDLISR;C:\Program Files\Wolfram Research\WolframScript\;C:\WINDOWS\system32;C:\WINDOWS;C:\WINDOWS\System32\Wbem;C:\WINDOWS\System32\WindowsPowerShell\v1.0\;C:\WINDOWS\System32\OpenSSH\;C:\Users\samde\AppData\Local\Microsoft\WindowsApps;C:\Users\samde\AppData\Local\Programs\Microsoft VS Code\bin;C:\Users\samde\AppData\Local\GitHubDesktop\bin;C:\ti\ccs1040\ccs\ccs_base\emulation\analysis\bin\.;C:\ti\ccs1040\ccs\ccs_base\emulation\analysis\bin\../xmldb/aet_config;C:\ti\ccs1040\ccs\ccs_base\emulation\analysis\bin\../xmldb/trace_config/setup;C:\ti\ccs1040\ccs\ccs_base\emulation\analysis\bin\../xmldb/trace_config/devices;C:\ti\ccs1040\ccs\ccs_base\emulation\analysis\bin\../../../common/bin;C:\ti\ccs1040\ccs\ccs_base\emulation\analysis\bin\../../../common/uscif;C:\ti\ccs1040\ccs\ccs_base\emulation\analysis\bin\../../tpi;C:\ti\ccs1040\ccs\ccs_base\emulation\drivers]

**** Build Finished ****
