
**** Build of configuration Debug for project EGR326_Lab7_Part02_Master ****

"C:\\ti\\ccs1040\\ccs\\utils\\bin\\gmake" -k -j 8 all -O 
 
Building file: "../I2C.c"
Invoking: Arm Compiler
"C:/ti/ccs1040/ccs/tools/compiler/ti-cgt-arm_20.2.7.LTS/bin/armcl" -mv7M4 --code_state=16 --float_support=FPv4SPD16 -me --include_path="C:/ti/ccs1040/ccs/ccs_base/arm/include" --include_path="C:/ti/ccs1040/ccs/ccs_base/arm/include/CMSIS" --include_path="C:/Users/samde/OneDrive/Desktop/EGR 326/Lab/CCS/EGR326_Lab7_Part02_Master" --include_path="C:/ti/ccs1040/ccs/tools/compiler/ti-cgt-arm_20.2.7.LTS/include" --advice:power=all --define=__MSP432P401R__ --define=ccs -g --gcc --diag_warning=225 --diag_wrap=off --display_error_number --abi=eabi --preproc_with_compile --preproc_dependency="I2C.d_raw"  "../I2C.c"
"../I2C.c", line 27: remark #1527-D: (ULP 2.1) Detected SW delay loop using empty loop. Recommend using a timer module instead
"../I2C.c", line 31: remark #1527-D: (ULP 2.1) Detected SW delay loop using empty loop. Recommend using a timer module instead
"../I2C.c", line 35: remark #1527-D: (ULP 2.1) Detected SW delay loop using empty loop. Recommend using a timer module instead
"../I2C.c", line 48: remark #1527-D: (ULP 2.1) Detected SW delay loop using empty loop. Recommend using a timer module instead
"../I2C.c", line 52: remark #1527-D: (ULP 2.1) Detected SW delay loop using empty loop. Recommend using a timer module instead
"../I2C.c", line 61: remark #1527-D: (ULP 2.1) Detected SW delay loop using empty loop. Recommend using a timer module instead
Finished building: "../I2C.c"
 
Building target: "EGR326_Lab7_Part02_Master.out"
Invoking: Arm Linker
"C:/ti/ccs1040/ccs/tools/compiler/ti-cgt-arm_20.2.7.LTS/bin/armcl" -mv7M4 --code_state=16 --float_support=FPv4SPD16 -me --advice:power=all --define=__MSP432P401R__ --define=ccs -g --gcc --diag_warning=225 --diag_wrap=off --display_error_number --abi=eabi -z -m"EGR326_Lab7_Part02_Master.map" --heap_size=1024 --stack_size=512 -i"C:/ti/ccs1040/ccs/ccs_base/arm/include" -i"C:/ti/ccs1040/ccs/tools/compiler/ti-cgt-arm_20.2.7.LTS/lib" -i"C:/ti/ccs1040/ccs/tools/compiler/ti-cgt-arm_20.2.7.LTS/include" --reread_libs --diag_wrap=off --display_error_number --warn_sections --xml_link_info="EGR326_Lab7_Part02_Master_linkInfo.xml" --rom_model -o "EGR326_Lab7_Part02_Master.out" "./I2C.obj" "./main.obj" "./startup_msp432p401r_ccs.obj" "./system_msp432p401r.obj" "../msp432p401r.cmd"  -llibc.a 
<Linking>
remark #10371-D: (ULP 1.1) Detected no uses of low power mode state changing instructions
remark #10372-D: (ULP 4.1) Detected uninitialized Port 1 in this project. Recommend initializing all unused ports to eliminate wasted current consumption on unused pins.
remark #10372-D: (ULP 4.1) Detected uninitialized Port 2 in this project. Recommend initializing all unused ports to eliminate wasted current consumption on unused pins.
remark #10372-D: (ULP 4.1) Detected uninitialized Port 3 in this project. Recommend initializing all unused ports to eliminate wasted current consumption on unused pins.
remark #10372-D: (ULP 4.1) Detected uninitialized Port 4 in this project. Recommend initializing all unused ports to eliminate wasted current consumption on unused pins.
remark #10372-D: (ULP 4.1) Detected uninitialized Port 5 in this project. Recommend initializing all unused ports to eliminate wasted current consumption on unused pins.
remark #10372-D: (ULP 4.1) Detected uninitialized Port 6 in this project. Recommend initializing all unused ports to eliminate wasted current consumption on unused pins.
remark #10372-D: (ULP 4.1) Detected uninitialized Port 7 in this project. Recommend initializing all unused ports to eliminate wasted current consumption on unused pins.
remark #10372-D: (ULP 4.1) Detected uninitialized Port 8 in this project. Recommend initializing all unused ports to eliminate wasted current consumption on unused pins.
remark #10372-D: (ULP 4.1) Detected uninitialized Port 9 in this project. Recommend initializing all unused ports to eliminate wasted current consumption on unused pins.
remark #10372-D: (ULP 4.1) Detected uninitialized Port 10 in this project. Recommend initializing all unused ports to eliminate wasted current consumption on unused pins.
Finished building target: "EGR326_Lab7_Part02_Master.out"
 

**** Build Finished ****
