
**** Build of configuration Debug for project I2C_MSP432 ****

"C:\\ti\\ccs1040\\ccs\\utils\\bin\\gmake" -k all 
 
Building file: "../ClockSystem.c"
Invoking: MSP432 Compiler
"C:/ti/ccs1040/ccs/tools/compiler/ti-cgt-arm_20.2.5.LTS/bin/armcl" -mv7M4 --code_state=16 --float_support=FPv4SPD16 --abi=eabi -me --include_path="C:/ti/ccs1040/ccs/ccs_base/arm/include" --include_path="C:/ti/ccs1040/ccs/tools/compiler/ti-cgt-arm_20.2.5.LTS/include" --include_path="C:/ti/ccs1040/ccs/ccs_base/arm/include/CMSIS" --advice:power=all -g --c99 --gcc --define=__MSP432P401R__ --define=TARGET_IS_MSP432P4XX --define=ccs --diag_warning=225 --diag_wrap=off --display_error_number --preproc_with_compile --preproc_dependency="ClockSystem.d_raw"  "../ClockSystem.c"
"..\..\inc\msp432p401r.h", line 16180: warning #48-D: incompatible redefinition of macro "RSTCTL_PSSRESET_STAT_SVSL" (declared at line 313 of "C:/ti/ccs1040/ccs/ccs_base/arm/include/msp_compatibility.h")
"..\..\inc\msp432p401r.h", line 17341: warning #48-D: incompatible redefinition of macro "SYSCTL_SYSTEM_STAT_DBG_SEC_ACT" (declared at line 317 of "C:/ti/ccs1040/ccs/ccs_base/arm/include/msp_compatibility.h")
"..\..\inc\msp432p401r.h", line 17344: warning #48-D: incompatible redefinition of macro "SYSCTL_SYSTEM_STAT_JTAG_SWD_LOCK_ACT" (declared at line 320 of "C:/ti/ccs1040/ccs/ccs_base/arm/include/msp_compatibility.h")
"..\..\inc\msp432p401r.h", line 17347: warning #48-D: incompatible redefinition of macro "SYSCTL_SYSTEM_STAT_IP_PROT_ACT" (declared at line 323 of "C:/ti/ccs1040/ccs/ccs_base/arm/include/msp_compatibility.h")
"../ClockSystem.c", line 110: remark #1528-D: (ULP 3.1) Detected flag polling using CSIFG. Recommend using an interrupt combined with enter LPMx and ISR
"../ClockSystem.c", line 160: remark #1528-D: (ULP 3.1) Detected flag polling using CSIFG. Recommend using an interrupt combined with enter LPMx and ISR
Finished building: "../ClockSystem.c"
 
Building file: "../I2C0.c"
Invoking: MSP432 Compiler
"C:/ti/ccs1040/ccs/tools/compiler/ti-cgt-arm_20.2.5.LTS/bin/armcl" -mv7M4 --code_state=16 --float_support=FPv4SPD16 --abi=eabi -me --include_path="C:/ti/ccs1040/ccs/ccs_base/arm/include" --include_path="C:/ti/ccs1040/ccs/tools/compiler/ti-cgt-arm_20.2.5.LTS/include" --include_path="C:/ti/ccs1040/ccs/ccs_base/arm/include/CMSIS" --advice:power=all -g --c99 --gcc --define=__MSP432P401R__ --define=TARGET_IS_MSP432P4XX --define=ccs --diag_warning=225 --diag_wrap=off --display_error_number --preproc_with_compile --preproc_dependency="I2C0.d_raw"  "../I2C0.c"
"..\..\inc\msp432p401r.h", line 16180: warning #48-D: incompatible redefinition of macro "RSTCTL_PSSRESET_STAT_SVSL" (declared at line 313 of "C:/ti/ccs1040/ccs/ccs_base/arm/include/msp_compatibility.h")
"..\..\inc\msp432p401r.h", line 17341: warning #48-D: incompatible redefinition of macro "SYSCTL_SYSTEM_STAT_DBG_SEC_ACT" (declared at line 317 of "C:/ti/ccs1040/ccs/ccs_base/arm/include/msp_compatibility.h")
"..\..\inc\msp432p401r.h", line 17344: warning #48-D: incompatible redefinition of macro "SYSCTL_SYSTEM_STAT_JTAG_SWD_LOCK_ACT" (declared at line 320 of "C:/ti/ccs1040/ccs/ccs_base/arm/include/msp_compatibility.h")
"..\..\inc\msp432p401r.h", line 17347: warning #48-D: incompatible redefinition of macro "SYSCTL_SYSTEM_STAT_IP_PROT_ACT" (declared at line 323 of "C:/ti/ccs1040/ccs/ccs_base/arm/include/msp_compatibility.h")
"../I2C0.c", line 89: remark #1528-D: (ULP 3.1) Detected flag polling using UCB0IFG. Recommend using an interrupt combined with enter LPMx and ISR
"../I2C0.c", line 81: remark #1527-D: (ULP 2.1) Detected SW delay loop using empty loop. Recommend using a timer module instead
"../I2C0.c", line 95: remark #2624-D: (ULP 5.4) Detected an assignment to a type with size less than int. To avoid unnecessary sign extension, use int-sized types for local varaibles and convert to smaller types for static storage.
"../I2C0.c", line 114: remark #1528-D: (ULP 3.1) Detected flag polling using UCB0IFG. Recommend using an interrupt combined with enter LPMx and ISR
"../I2C0.c", line 121: remark #1528-D: (ULP 3.1) Detected flag polling using UCB0IFG. Recommend using an interrupt combined with enter LPMx and ISR
"../I2C0.c", line 106: remark #1527-D: (ULP 2.1) Detected SW delay loop using empty loop. Recommend using a timer module instead
"../I2C0.c", line 120: remark #2624-D: (ULP 5.4) Detected an assignment to a type with size less than int. To avoid unnecessary sign extension, use int-sized types for local varaibles and convert to smaller types for static storage.
"../I2C0.c", line 127: remark #2624-D: (ULP 5.4) Detected an assignment to a type with size less than int. To avoid unnecessary sign extension, use int-sized types for local varaibles and convert to smaller types for static storage.
"../I2C0.c", line 140: remark #1527-D: (ULP 2.1) Detected SW delay loop using empty loop. Recommend using a timer module instead
"../I2C0.c", line 148: remark #1527-D: (ULP 2.1) Detected SW delay loop using empty loop. Recommend using a timer module instead
"../I2C0.c", line 180: remark #1528-D: (ULP 3.1) Detected flag polling using UCB0IFG. Recommend using an interrupt combined with enter LPMx and ISR
"../I2C0.c", line 170: remark #1527-D: (ULP 2.1) Detected SW delay loop using empty loop. Recommend using a timer module instead
"../I2C0.c", line 178: remark #1527-D: (ULP 2.1) Detected SW delay loop using empty loop. Recommend using a timer module instead
"../I2C0.c", line 214: remark #1528-D: (ULP 3.1) Detected flag polling using UCB0IFG. Recommend using an interrupt combined with enter LPMx and ISR
"../I2C0.c", line 216: remark #1528-D: (ULP 3.1) Detected flag polling using UCB0IFG. Recommend using an interrupt combined with enter LPMx and ISR
"../I2C0.c", line 224: remark #1528-D: (ULP 3.1) Detected flag polling using UCB0IFG. Recommend using an interrupt combined with enter LPMx and ISR
"../I2C0.c", line 206: remark #1527-D: (ULP 2.1) Detected SW delay loop using empty loop. Recommend using a timer module instead
Finished building: "../I2C0.c"
 
Building file: "../I2CTestMain.c"
Invoking: MSP432 Compiler
"C:/ti/ccs1040/ccs/tools/compiler/ti-cgt-arm_20.2.5.LTS/bin/armcl" -mv7M4 --code_state=16 --float_support=FPv4SPD16 --abi=eabi -me --include_path="C:/ti/ccs1040/ccs/ccs_base/arm/include" --include_path="C:/ti/ccs1040/ccs/tools/compiler/ti-cgt-arm_20.2.5.LTS/include" --include_path="C:/ti/ccs1040/ccs/ccs_base/arm/include/CMSIS" --advice:power=all -g --c99 --gcc --define=__MSP432P401R__ --define=TARGET_IS_MSP432P4XX --define=ccs --diag_warning=225 --diag_wrap=off --display_error_number --preproc_with_compile --preproc_dependency="I2CTestMain.d_raw"  "../I2CTestMain.c"
"../I2CTestMain.c", line 282: remark #2624-D: (ULP 5.4) Detected an assignment to a type with size less than int. To avoid unnecessary sign extension, use int-sized types for local varaibles and convert to smaller types for static storage.
"../I2CTestMain.c", line 287: remark #2624-D: (ULP 5.4) Detected an assignment to a type with size less than int. To avoid unnecessary sign extension, use int-sized types for local varaibles and convert to smaller types for static storage.
Finished building: "../I2CTestMain.c"
 
Building file: "../LCD.c"
Invoking: MSP432 Compiler
"C:/ti/ccs1040/ccs/tools/compiler/ti-cgt-arm_20.2.5.LTS/bin/armcl" -mv7M4 --code_state=16 --float_support=FPv4SPD16 --abi=eabi -me --include_path="C:/ti/ccs1040/ccs/ccs_base/arm/include" --include_path="C:/ti/ccs1040/ccs/tools/compiler/ti-cgt-arm_20.2.5.LTS/include" --include_path="C:/ti/ccs1040/ccs/ccs_base/arm/include/CMSIS" --advice:power=all -g --c99 --gcc --define=__MSP432P401R__ --define=TARGET_IS_MSP432P4XX --define=ccs --diag_warning=225 --diag_wrap=off --display_error_number --preproc_with_compile --preproc_dependency="LCD.d_raw"  "../LCD.c"
"..\..\inc\msp432p401r.h", line 16180: warning #48-D: incompatible redefinition of macro "RSTCTL_PSSRESET_STAT_SVSL" (declared at line 313 of "C:/ti/ccs1040/ccs/ccs_base/arm/include/msp_compatibility.h")
"..\..\inc\msp432p401r.h", line 17341: warning #48-D: incompatible redefinition of macro "SYSCTL_SYSTEM_STAT_DBG_SEC_ACT" (declared at line 317 of "C:/ti/ccs1040/ccs/ccs_base/arm/include/msp_compatibility.h")
"..\..\inc\msp432p401r.h", line 17344: warning #48-D: incompatible redefinition of macro "SYSCTL_SYSTEM_STAT_JTAG_SWD_LOCK_ACT" (declared at line 320 of "C:/ti/ccs1040/ccs/ccs_base/arm/include/msp_compatibility.h")
"..\..\inc\msp432p401r.h", line 17347: warning #48-D: incompatible redefinition of macro "SYSCTL_SYSTEM_STAT_IP_PROT_ACT" (declared at line 323 of "C:/ti/ccs1040/ccs/ccs_base/arm/include/msp_compatibility.h")
"../LCD.c", line 180: remark #2624-D: (ULP 5.4) Detected an assignment to a type with size less than int. To avoid unnecessary sign extension, use int-sized types for local varaibles and convert to smaller types for static storage.
"../LCD.c", line 181: remark #2624-D: (ULP 5.4) Detected an assignment to a type with size less than int. To avoid unnecessary sign extension, use int-sized types for local varaibles and convert to smaller types for static storage.
"../LCD.c", line 182: remark #2624-D: (ULP 5.4) Detected an assignment to a type with size less than int. To avoid unnecessary sign extension, use int-sized types for local varaibles and convert to smaller types for static storage.
"../LCD.c", line 183: remark #2624-D: (ULP 5.4) Detected an assignment to a type with size less than int. To avoid unnecessary sign extension, use int-sized types for local varaibles and convert to smaller types for static storage.
"../LCD.c", line 184: remark #2624-D: (ULP 5.4) Detected an assignment to a type with size less than int. To avoid unnecessary sign extension, use int-sized types for local varaibles and convert to smaller types for static storage.
Finished building: "../LCD.c"
 
Building file: "../SysTick.c"
Invoking: MSP432 Compiler
"C:/ti/ccs1040/ccs/tools/compiler/ti-cgt-arm_20.2.5.LTS/bin/armcl" -mv7M4 --code_state=16 --float_support=FPv4SPD16 --abi=eabi -me --include_path="C:/ti/ccs1040/ccs/ccs_base/arm/include" --include_path="C:/ti/ccs1040/ccs/tools/compiler/ti-cgt-arm_20.2.5.LTS/include" --include_path="C:/ti/ccs1040/ccs/ccs_base/arm/include/CMSIS" --advice:power=all -g --c99 --gcc --define=__MSP432P401R__ --define=TARGET_IS_MSP432P4XX --define=ccs --diag_warning=225 --diag_wrap=off --display_error_number --preproc_with_compile --preproc_dependency="SysTick.d_raw"  "../SysTick.c"
"..\..\inc\msp432p401r.h", line 16180: warning #48-D: incompatible redefinition of macro "RSTCTL_PSSRESET_STAT_SVSL" (declared at line 313 of "C:/ti/ccs1040/ccs/ccs_base/arm/include/msp_compatibility.h")
"..\..\inc\msp432p401r.h", line 17341: warning #48-D: incompatible redefinition of macro "SYSCTL_SYSTEM_STAT_DBG_SEC_ACT" (declared at line 317 of "C:/ti/ccs1040/ccs/ccs_base/arm/include/msp_compatibility.h")
"..\..\inc\msp432p401r.h", line 17344: warning #48-D: incompatible redefinition of macro "SYSCTL_SYSTEM_STAT_JTAG_SWD_LOCK_ACT" (declared at line 320 of "C:/ti/ccs1040/ccs/ccs_base/arm/include/msp_compatibility.h")
"..\..\inc\msp432p401r.h", line 17347: warning #48-D: incompatible redefinition of macro "SYSCTL_SYSTEM_STAT_IP_PROT_ACT" (declared at line 323 of "C:/ti/ccs1040/ccs/ccs_base/arm/include/msp_compatibility.h")
"../SysTick.c", line 54: remark #1527-D: (ULP 2.1) Detected SW delay loop using empty loop. Recommend using a timer module instead
Finished building: "../SysTick.c"
 
Building file: "../msp432_startup_ccs.c"
Invoking: MSP432 Compiler
"C:/ti/ccs1040/ccs/tools/compiler/ti-cgt-arm_20.2.5.LTS/bin/armcl" -mv7M4 --code_state=16 --float_support=FPv4SPD16 --abi=eabi -me --include_path="C:/ti/ccs1040/ccs/ccs_base/arm/include" --include_path="C:/ti/ccs1040/ccs/tools/compiler/ti-cgt-arm_20.2.5.LTS/include" --include_path="C:/ti/ccs1040/ccs/ccs_base/arm/include/CMSIS" --advice:power=all -g --c99 --gcc --define=__MSP432P401R__ --define=TARGET_IS_MSP432P4XX --define=ccs --diag_warning=225 --diag_wrap=off --display_error_number --preproc_with_compile --preproc_dependency="msp432_startup_ccs.d_raw"  "../msp432_startup_ccs.c"
"../msp432_startup_ccs.c", line 269: remark #1527-D: (ULP 2.1) Detected SW delay loop using empty loop. Recommend using a timer module instead
"../msp432_startup_ccs.c", line 270: remark #1527-D: (ULP 2.1) Detected SW delay loop using empty loop. Recommend using a timer module instead
"../msp432_startup_ccs.c", line 271: remark #1527-D: (ULP 2.1) Detected SW delay loop using empty loop. Recommend using a timer module instead
"../msp432_startup_ccs.c", line 272: remark #1527-D: (ULP 2.1) Detected SW delay loop using empty loop. Recommend using a timer module instead
"../msp432_startup_ccs.c", line 273: remark #1527-D: (ULP 2.1) Detected SW delay loop using empty loop. Recommend using a timer module instead
"../msp432_startup_ccs.c", line 274: remark #1527-D: (ULP 2.1) Detected SW delay loop using empty loop. Recommend using a timer module instead
"../msp432_startup_ccs.c", line 275: remark #1527-D: (ULP 2.1) Detected SW delay loop using empty loop. Recommend using a timer module instead
"../msp432_startup_ccs.c", line 276: remark #1527-D: (ULP 2.1) Detected SW delay loop using empty loop. Recommend using a timer module instead
"../msp432_startup_ccs.c", line 277: remark #1527-D: (ULP 2.1) Detected SW delay loop using empty loop. Recommend using a timer module instead
"../msp432_startup_ccs.c", line 278: remark #1527-D: (ULP 2.1) Detected SW delay loop using empty loop. Recommend using a timer module instead
"../msp432_startup_ccs.c", line 279: remark #1527-D: (ULP 2.1) Detected SW delay loop using empty loop. Recommend using a timer module instead
"../msp432_startup_ccs.c", line 280: remark #1527-D: (ULP 2.1) Detected SW delay loop using empty loop. Recommend using a timer module instead
"../msp432_startup_ccs.c", line 281: remark #1527-D: (ULP 2.1) Detected SW delay loop using empty loop. Recommend using a timer module instead
"../msp432_startup_ccs.c", line 282: remark #1527-D: (ULP 2.1) Detected SW delay loop using empty loop. Recommend using a timer module instead
"../msp432_startup_ccs.c", line 283: remark #1527-D: (ULP 2.1) Detected SW delay loop using empty loop. Recommend using a timer module instead
"../msp432_startup_ccs.c", line 284: remark #1527-D: (ULP 2.1) Detected SW delay loop using empty loop. Recommend using a timer module instead
"../msp432_startup_ccs.c", line 285: remark #1527-D: (ULP 2.1) Detected SW delay loop using empty loop. Recommend using a timer module instead
"../msp432_startup_ccs.c", line 286: remark #1527-D: (ULP 2.1) Detected SW delay loop using empty loop. Recommend using a timer module instead
"../msp432_startup_ccs.c", line 287: remark #1527-D: (ULP 2.1) Detected SW delay loop using empty loop. Recommend using a timer module instead
"../msp432_startup_ccs.c", line 288: remark #1527-D: (ULP 2.1) Detected SW delay loop using empty loop. Recommend using a timer module instead
"../msp432_startup_ccs.c", line 289: remark #1527-D: (ULP 2.1) Detected SW delay loop using empty loop. Recommend using a timer module instead
"../msp432_startup_ccs.c", line 290: remark #1527-D: (ULP 2.1) Detected SW delay loop using empty loop. Recommend using a timer module instead
"../msp432_startup_ccs.c", line 291: remark #1527-D: (ULP 2.1) Detected SW delay loop using empty loop. Recommend using a timer module instead
"../msp432_startup_ccs.c", line 292: remark #1527-D: (ULP 2.1) Detected SW delay loop using empty loop. Recommend using a timer module instead
"../msp432_startup_ccs.c", line 293: remark #1527-D: (ULP 2.1) Detected SW delay loop using empty loop. Recommend using a timer module instead
"../msp432_startup_ccs.c", line 294: remark #1527-D: (ULP 2.1) Detected SW delay loop using empty loop. Recommend using a timer module instead
"../msp432_startup_ccs.c", line 295: remark #1527-D: (ULP 2.1) Detected SW delay loop using empty loop. Recommend using a timer module instead
"../msp432_startup_ccs.c", line 296: remark #1527-D: (ULP 2.1) Detected SW delay loop using empty loop. Recommend using a timer module instead
"../msp432_startup_ccs.c", line 297: remark #1527-D: (ULP 2.1) Detected SW delay loop using empty loop. Recommend using a timer module instead
"../msp432_startup_ccs.c", line 298: remark #1527-D: (ULP 2.1) Detected SW delay loop using empty loop. Recommend using a timer module instead
"../msp432_startup_ccs.c", line 299: remark #1527-D: (ULP 2.1) Detected SW delay loop using empty loop. Recommend using a timer module instead
"../msp432_startup_ccs.c", line 300: remark #1527-D: (ULP 2.1) Detected SW delay loop using empty loop. Recommend using a timer module instead
"../msp432_startup_ccs.c", line 301: remark #1527-D: (ULP 2.1) Detected SW delay loop using empty loop. Recommend using a timer module instead
"../msp432_startup_ccs.c", line 302: remark #1527-D: (ULP 2.1) Detected SW delay loop using empty loop. Recommend using a timer module instead
"../msp432_startup_ccs.c", line 303: remark #1527-D: (ULP 2.1) Detected SW delay loop using empty loop. Recommend using a timer module instead
"../msp432_startup_ccs.c", line 304: remark #1527-D: (ULP 2.1) Detected SW delay loop using empty loop. Recommend using a timer module instead
"../msp432_startup_ccs.c", line 305: remark #1527-D: (ULP 2.1) Detected SW delay loop using empty loop. Recommend using a timer module instead
"../msp432_startup_ccs.c", line 306: remark #1527-D: (ULP 2.1) Detected SW delay loop using empty loop. Recommend using a timer module instead
"../msp432_startup_ccs.c", line 307: remark #1527-D: (ULP 2.1) Detected SW delay loop using empty loop. Recommend using a timer module instead
"../msp432_startup_ccs.c", line 308: remark #1527-D: (ULP 2.1) Detected SW delay loop using empty loop. Recommend using a timer module instead
"../msp432_startup_ccs.c", line 309: remark #1527-D: (ULP 2.1) Detected SW delay loop using empty loop. Recommend using a timer module instead
"../msp432_startup_ccs.c", line 310: remark #1527-D: (ULP 2.1) Detected SW delay loop using empty loop. Recommend using a timer module instead
"../msp432_startup_ccs.c", line 311: remark #1527-D: (ULP 2.1) Detected SW delay loop using empty loop. Recommend using a timer module instead
"../msp432_startup_ccs.c", line 312: remark #1527-D: (ULP 2.1) Detected SW delay loop using empty loop. Recommend using a timer module instead
"../msp432_startup_ccs.c", line 313: remark #1527-D: (ULP 2.1) Detected SW delay loop using empty loop. Recommend using a timer module instead
Finished building: "../msp432_startup_ccs.c"
 
Building target: "I2C_MSP432.out"
Invoking: MSP432 Linker
"C:/ti/ccs1040/ccs/tools/compiler/ti-cgt-arm_20.2.5.LTS/bin/armcl" -mv7M4 --code_state=16 --float_support=FPv4SPD16 --abi=eabi -me --advice:power=all -g --c99 --gcc --define=__MSP432P401R__ --define=TARGET_IS_MSP432P4XX --define=ccs --diag_warning=225 --diag_wrap=off --display_error_number -z -m"I2C_MSP432.map" --stack_size=512 --heap_size=1024 -i"C:/ti/ccs1040/ccs/ccs_base/arm/include" -i"C:/ti/ccs1040/ccs/tools/compiler/ti-cgt-arm_20.2.5.LTS/lib" -i"C:/ti/ccs1040/ccs/tools/compiler/ti-cgt-arm_20.2.5.LTS/include" --reread_libs --diag_wrap=off --display_error_number --warn_sections --xml_link_info="I2C_MSP432_linkInfo.xml" --rom_model -o "I2C_MSP432.out" "./ClockSystem.obj" "./I2C0.obj" "./I2CTestMain.obj" "./LCD.obj" "./SysTick.obj" "./msp432_startup_ccs.obj" "../msp432p401r.cmd"  -llibc.a 
<Linking>
remark #10371-D: (ULP 1.1) Detected no uses of low power mode state changing instructions
remark #10372-D: (ULP 4.1) Detected uninitialized Port 1 in this project. Recommend initializing all unused ports to eliminate wasted current consumption on unused pins.
remark #10372-D: (ULP 4.1) Detected uninitialized Port 2 in this project. Recommend initializing all unused ports to eliminate wasted current consumption on unused pins.
remark #10372-D: (ULP 4.1) Detected uninitialized Port 3 in this project. Recommend initializing all unused ports to eliminate wasted current consumption on unused pins.
remark #10372-D: (ULP 4.1) Detected uninitialized Port 4 in this project. Recommend initializing all unused ports to eliminate wasted current consumption on unused pins.
remark #10372-D: (ULP 4.1) Detected uninitialized Port 5 in this project. Recommend initializing all unused ports to eliminate wasted current consumption on unused pins.
remark #10372-D: (ULP 4.1) Detected uninitialized Port 6 in this project. Recommend initializing all unused ports to eliminate wasted current consumption on unused pins.
remark #10372-D: (ULP 4.1) Detected uninitialized Port 7 in this project. Recommend initializing all unused ports to eliminate wasted current consumption on unused pins.
remark #10372-D: (ULP 4.1) Detected uninitialized Port 8 in this project. Recommend initializing all unused ports to eliminate wasted current consumption on unused pins.
remark #10372-D: (ULP 4.1) Detected uninitialized Port 9 in this project. Recommend initializing all unused ports to eliminate wasted current consumption on unused pins.
remark #10372-D: (ULP 4.1) Detected uninitialized Port 10 in this project. Recommend initializing all unused ports to eliminate wasted current consumption on unused pins.
Finished building target: "I2C_MSP432.out"
 

**** Build Finished ****
